# JRE version: OpenJDK Runtime Environment (11.0.10) (build 11.0.10+0-b96-7249189)
# Java VM: OpenJDK 64-Bit Server VM (11.0.10+0-b96-7249189, mixed mode, tiered, compressed oops, g1 gc, windows-amd64)
Heap:
 garbage-first heap   total 732160K, used 318648K [0x0000000702600000, 0x0000000800000000)
  region size 1024K, 2 young (2048K), 2 survivors (2048K)
 Metaspace       used 89313K, capacity 90501K, committed 90732K, reserved 1130496K
  class space    used 8922K, capacity 9325K, committed 9420K, reserved 1048576K
GC Heap History (20 events):
Event: 42.321 GC heap after
{Heap after GC invocations=44 (full 0):
 garbage-first heap   total 490496K, used 362219K [0x0000000702600000, 0x0000000800000000)
  region size 1024K, 6 young (6144K), 6 survivors (6144K)
 Metaspace       used 80213K, capacity 81389K, committed 81644K, reserved 1122304K
  class space    used 8096K, capacity 8486K, committed 8524K, reserved 1048576K
}
Event: 42.638 GC heap before
{Heap before GC invocations=44 (full 0):
 garbage-first heap   total 490496K, used 427755K [0x0000000702600000, 0x0000000800000000)
  region size 1024K, 70 young (71680K), 6 survivors (6144K)
 Metaspace       used 80245K, capacity 81389K, committed 81644K, reserved 1122304K
  class space    used 8097K, capacity 8486K, committed 8524K, reserved 1048576K
}
Event: 42.645 GC heap after
{Heap after GC invocations=45 (full 0):
 garbage-first heap   total 490496K, used 367402K [0x0000000702600000, 0x0000000800000000)
  region size 1024K, 6 young (6144K), 6 survivors (6144K)
 Metaspace       used 80245K, capacity 81389K, committed 81644K, reserved 1122304K
  class space    used 8097K, capacity 8486K, committed 8524K, reserved 1048576K
}
Event: 42.899 GC heap before
{Heap before GC invocations=46 (full 0):
 garbage-first heap   total 490496K, used 427818K [0x0000000702600000, 0x0000000800000000)
  region size 1024K, 65 young (66560K), 6 survivors (6144K)
 Metaspace       used 80274K, capacity 81389K, committed 81644K, reserved 1122304K
  class space    used 8097K, capacity 8486K, committed 8524K, reserved 1048576K
}
Event: 42.908 GC heap after
{Heap after GC invocations=47 (full 0):
 garbage-first heap   total 490496K, used 373115K [0x0000000702600000, 0x0000000800000000)
  region size 1024K, 6 young (6144K), 6 survivors (6144K)
 Metaspace       used 80274K, capacity 81389K, committed 81644K, reserved 1122304K
  class space    used 8097K, capacity 8486K, committed 8524K, reserved 1048576K
}
Event: 43.109 GC heap before
{Heap before GC invocations=47 (full 0):
 garbage-first heap   total 490496K, used 428411K [0x0000000702600000, 0x0000000800000000)
  region size 1024K, 60 young (61440K), 6 survivors (6144K)
 Metaspace       used 80288K, capacity 81453K, committed 81644K, reserved 1122304K
  class space    used 8097K, capacity 8486K, committed 8524K, reserved 1048576K
}
Event: 43.116 GC heap after
{Heap after GC invocations=48 (full 0):
 garbage-first heap   total 490496K, used 377080K [0x0000000702600000, 0x0000000800000000)
  region size 1024K, 5 young (5120K), 5 survivors (5120K)
 Metaspace       used 80288K, capacity 81453K, committed 81644K, reserved 1122304K
  class space    used 8097K, capacity 8486K, committed 8524K, reserved 1048576K
}
Event: 43.354 GC heap before
{Heap before GC invocations=48 (full 0):
 garbage-first heap   total 490496K, used 428280K [0x0000000702600000, 0x0000000800000000)
  region size 1024K, 55 young (56320K), 5 survivors (5120K)
 Metaspace       used 80301K, capacity 81453K, committed 81644K, reserved 1122304K
  class space    used 8097K, capacity 8486K, committed 8524K, reserved 1048576K
}
Event: 43.359 GC heap after
{Heap after GC invocations=49 (full 0):
 garbage-first heap   total 490496K, used 381394K [0x0000000702600000, 0x0000000800000000)
  region size 1024K, 5 young (5120K), 5 survivors (5120K)
 Metaspace       used 80301K, capacity 81453K, committed 81644K, reserved 1122304K
  class space    used 8097K, capacity 8486K, committed 8524K, reserved 1048576K
}
Event: 43.559 GC heap before
{Heap before GC invocations=49 (full 0):
 garbage-first heap   total 490496K, used 429522K [0x0000000702600000, 0x0000000800000000)
  region size 1024K, 52 young (53248K), 5 survivors (5120K)
 Metaspace       used 80303K, capacity 81453K, committed 81644K, reserved 1122304K
  class space    used 8097K, capacity 8486K, committed 8524K, reserved 1048576K
}
Event: 43.566 GC heap after
{Heap after GC invocations=50 (full 0):
 garbage-first heap   total 588800K, used 385099K [0x0000000702600000, 0x0000000800000000)
  region size 1024K, 4 young (4096K), 4 survivors (4096K)
 Metaspace       used 80303K, capacity 81453K, committed 81644K, reserved 1122304K
  class space    used 8097K, capacity 8486K, committed 8524K, reserved 1048576K
}
Event: 44.175 GC heap before
{Heap before GC invocations=51 (full 0):
 garbage-first heap   total 588800K, used 503883K [0x0000000702600000, 0x0000000800000000)
  region size 1024K, 120 young (122880K), 4 survivors (4096K)
 Metaspace       used 80676K, capacity 81901K, committed 82028K, reserved 1122304K
  class space    used 8137K, capacity 8550K, committed 8652K, reserved 1048576K
}
Event: 44.188 GC heap after
{Heap after GC invocations=52 (full 0):
 garbage-first heap   total 588800K, used 394990K [0x0000000702600000, 0x0000000800000000)
  region size 1024K, 14 young (14336K), 14 survivors (14336K)
 Metaspace       used 80676K, capacity 81901K, committed 82028K, reserved 1122304K
  class space    used 8137K, capacity 8550K, committed 8652K, reserved 1048576K
}
Event: 44.405 GC heap before
{Heap before GC invocations=52 (full 0):
 garbage-first heap   total 588800K, used 414446K [0x0000000702600000, 0x0000000800000000)
  region size 1024K, 34 young (34816K), 14 survivors (14336K)
 Metaspace       used 81906K, capacity 83149K, committed 83436K, reserved 1124352K
  class space    used 8244K, capacity 8646K, committed 8780K, reserved 1048576K
}
Event: 44.416 GC heap after
{Heap after GC invocations=53 (full 0):
 garbage-first heap   total 588800K, used 399506K [0x0000000702600000, 0x0000000800000000)
  region size 1024K, 5 young (5120K), 5 survivors (5120K)
 Metaspace       used 81906K, capacity 83149K, committed 83436K, reserved 1124352K
  class space    used 8244K, capacity 8646K, committed 8780K, reserved 1048576K
}
Event: 45.886 GC heap before
{Heap before GC invocations=54 (full 0):
 garbage-first heap   total 588800K, used 503954K [0x0000000702600000, 0x0000000800000000)
  region size 1024K, 110 young (112640K), 5 survivors (5120K)
 Metaspace       used 88966K, capacity 90179K, committed 90476K, reserved 1130496K
  class space    used 8906K, capacity 9325K, committed 9420K, reserved 1048576K
}
Event: 45.904 GC heap after
{Heap after GC invocations=55 (full 0):
 garbage-first heap   total 588800K, used 408545K [0x0000000702600000, 0x0000000800000000)
  region size 1024K, 14 young (14336K), 14 survivors (14336K)
 Metaspace       used 88966K, capacity 90179K, committed 90476K, reserved 1130496K
  class space    used 8906K, capacity 9325K, committed 9420K, reserved 1048576K
}
Event: 46.022 GC heap before
{Heap before GC invocations=55 (full 0):
 garbage-first heap   total 588800K, used 422881K [0x0000000702600000, 0x0000000800000000)
  region size 1024K, 28 young (28672K), 14 survivors (14336K)
 Metaspace       used 89113K, capacity 90308K, committed 90476K, reserved 1130496K
  class space    used 8921K, capacity 9325K, committed 9420K, reserved 1048576K
}
Event: 46.047 GC heap after
{Heap after GC invocations=56 (full 0):
 garbage-first heap   total 588800K, used 359109K [0x0000000702600000, 0x0000000800000000)
  region size 1024K, 2 young (2048K), 2 survivors (2048K)
 Metaspace       used 89113K, capacity 90308K, committed 90476K, reserved 1130496K
  class space    used 8921K, capacity 9325K, committed 9420K, reserved 1048576K
}
Event: 46.278 GC heap before
{Heap before GC invocations=56 (full 0):
 garbage-first heap   total 588800K, used 385733K [0x0000000702600000, 0x0000000800000000)
  region size 1024K, 28 young (28672K), 2 survivors (2048K)
 Metaspace       used 89313K, capacity 90501K, committed 90732K, reserved 1130496K
  class space    used 8922K, capacity 9325K, committed 9420K, reserved 1048576K
}

