# JRE version: OpenJDK Runtime Environment (11.0.10) (build 11.0.10+0-b96-7249189)
# Java VM: OpenJDK 64-Bit Server VM (11.0.10+0-b96-7249189, mixed mode, tiered, compressed oops, g1 gc, windows-amd64)
Heap:
 garbage-first heap   total 463872K, used 235888K [0x0000000080000000, 0x0000000100000000)
  region size 1024K, 2 young (2048K), 2 survivors (2048K)
 Metaspace       used 141036K, capacity 145725K, committed 145868K, reserved 1175552K
  class space    used 17927K, capacity 19627K, committed 19660K, reserved 1048576K
GC Heap History (20 events):
Event: 833.359 GC heap after
{Heap after GC invocations=62 (full 0):
 garbage-first heap   total 260096K, used 172131K [0x0000000080000000, 0x0000000100000000)
  region size 1024K, 3 young (3072K), 3 survivors (3072K)
 Metaspace       used 140458K, capacity 145077K, committed 145356K, reserved 1175552K
  class space    used 17914K, capacity 19579K, committed 19660K, reserved 1048576K
}
Event: 833.413 GC heap before
{Heap before GC invocations=62 (full 0):
 garbage-first heap   total 260096K, used 181347K [0x0000000080000000, 0x0000000100000000)
  region size 1024K, 12 young (12288K), 3 survivors (3072K)
 Metaspace       used 140567K, capacity 145155K, committed 145356K, reserved 1175552K
  class space    used 17915K, capacity 19581K, committed 19660K, reserved 1048576K
}
Event: 833.419 GC heap after
{Heap after GC invocations=63 (full 0):
 garbage-first heap   total 260096K, used 171027K [0x0000000080000000, 0x0000000100000000)
  region size 1024K, 1 young (1024K), 1 survivors (1024K)
 Metaspace       used 140567K, capacity 145155K, committed 145356K, reserved 1175552K
  class space    used 17915K, capacity 19581K, committed 19660K, reserved 1048576K
}
Event: 833.606 GC heap before
{Heap before GC invocations=63 (full 0):
 garbage-first heap   total 260096K, used 219155K [0x0000000080000000, 0x0000000100000000)
  region size 1024K, 49 young (50176K), 1 survivors (1024K)
 Metaspace       used 140715K, capacity 145400K, committed 145612K, reserved 1175552K
  class space    used 17921K, capacity 19618K, committed 19660K, reserved 1048576K
}
Event: 833.609 GC heap after
{Heap after GC invocations=64 (full 0):
 garbage-first heap   total 260096K, used 171119K [0x0000000080000000, 0x0000000100000000)
  region size 1024K, 1 young (1024K), 1 survivors (1024K)
 Metaspace       used 140715K, capacity 145400K, committed 145612K, reserved 1175552K
  class space    used 17921K, capacity 19618K, committed 19660K, reserved 1048576K
}
Event: 833.913 GC heap before
{Heap before GC invocations=65 (full 0):
 garbage-first heap   total 260096K, used 222319K [0x0000000080000000, 0x0000000100000000)
  region size 1024K, 51 young (52224K), 1 survivors (1024K)
 Metaspace       used 140811K, capacity 145529K, committed 145612K, reserved 1175552K
  class space    used 17922K, capacity 19618K, committed 19660K, reserved 1048576K
}
Event: 833.916 GC heap after
{Heap after GC invocations=66 (full 0):
 garbage-first heap   total 260096K, used 171341K [0x0000000080000000, 0x0000000100000000)
  region size 1024K, 1 young (1024K), 1 survivors (1024K)
 Metaspace       used 140811K, capacity 145529K, committed 145612K, reserved 1175552K
  class space    used 17922K, capacity 19618K, committed 19660K, reserved 1048576K
}
Event: 833.961 GC heap before
{Heap before GC invocations=66 (full 0):
 garbage-first heap   total 260096K, used 182605K [0x0000000080000000, 0x0000000100000000)
  region size 1024K, 12 young (12288K), 1 survivors (1024K)
 Metaspace       used 140816K, capacity 145530K, committed 145612K, reserved 1175552K
  class space    used 17922K, capacity 19618K, committed 19660K, reserved 1048576K
}
Event: 833.963 GC heap after
{Heap after GC invocations=67 (full 0):
 garbage-first heap   total 260096K, used 170392K [0x0000000080000000, 0x0000000100000000)
  region size 1024K, 1 young (1024K), 1 survivors (1024K)
 Metaspace       used 140816K, capacity 145530K, committed 145612K, reserved 1175552K
  class space    used 17922K, capacity 19618K, committed 19660K, reserved 1048576K
}
Event: 834.166 GC heap before
{Heap before GC invocations=67 (full 0):
 garbage-first heap   total 260096K, used 220568K [0x0000000080000000, 0x0000000100000000)
  region size 1024K, 51 young (52224K), 1 survivors (1024K)
 Metaspace       used 140959K, capacity 145634K, committed 145868K, reserved 1175552K
  class space    used 17926K, capacity 19625K, committed 19660K, reserved 1048576K
}
Event: 834.169 GC heap after
{Heap after GC invocations=68 (full 0):
 garbage-first heap   total 260096K, used 171758K [0x0000000080000000, 0x0000000100000000)
  region size 1024K, 3 young (3072K), 3 survivors (3072K)
 Metaspace       used 140959K, capacity 145634K, committed 145868K, reserved 1175552K
  class space    used 17926K, capacity 19625K, committed 19660K, reserved 1048576K
}
Event: 834.417 GC heap before
{Heap before GC invocations=68 (full 0):
 garbage-first heap   total 260096K, used 257774K [0x0000000080000000, 0x0000000100000000)
  region size 1024K, 48 young (49152K), 3 survivors (3072K)
 Metaspace       used 141033K, capacity 145725K, committed 145868K, reserved 1175552K
  class space    used 17927K, capacity 19627K, committed 19660K, reserved 1048576K
}
Event: 834.429 GC heap after
{Heap after GC invocations=69 (full 0):
 garbage-first heap   total 283648K, used 217514K [0x0000000080000000, 0x0000000100000000)
  region size 1024K, 7 young (7168K), 7 survivors (7168K)
 Metaspace       used 141033K, capacity 145725K, committed 145868K, reserved 1175552K
  class space    used 17927K, capacity 19627K, committed 19660K, reserved 1048576K
}
Event: 834.472 GC heap before
{Heap before GC invocations=70 (full 0):
 garbage-first heap   total 283648K, used 227754K [0x0000000080000000, 0x0000000100000000)
  region size 1024K, 19 young (19456K), 7 survivors (7168K)
 Metaspace       used 141033K, capacity 145725K, committed 145868K, reserved 1175552K
  class space    used 17927K, capacity 19627K, committed 19660K, reserved 1048576K
}
Event: 834.497 GC heap after
{Heap after GC invocations=71 (full 0):
 garbage-first heap   total 283648K, used 222842K [0x0000000080000000, 0x0000000100000000)
  region size 1024K, 4 young (4096K), 4 survivors (4096K)
 Metaspace       used 141033K, capacity 145725K, committed 145868K, reserved 1175552K
  class space    used 17927K, capacity 19627K, committed 19660K, reserved 1048576K
}
Event: 834.583 GC heap before
{Heap before GC invocations=71 (full 0):
 garbage-first heap   total 283648K, used 240250K [0x0000000080000000, 0x0000000100000000)
  region size 1024K, 20 young (20480K), 4 survivors (4096K)
 Metaspace       used 141033K, capacity 145725K, committed 145868K, reserved 1175552K
  class space    used 17927K, capacity 19627K, committed 19660K, reserved 1048576K
}
Event: 834.595 GC heap after
{Heap after GC invocations=72 (full 0):
 garbage-first heap   total 283648K, used 231539K [0x0000000080000000, 0x0000000100000000)
  region size 1024K, 3 young (3072K), 3 survivors (3072K)
 Metaspace       used 141033K, capacity 145725K, committed 145868K, reserved 1175552K
  class space    used 17927K, capacity 19627K, committed 19660K, reserved 1048576K
}
Event: 834.700 GC heap before
{Heap before GC invocations=72 (full 0):
 garbage-first heap   total 283648K, used 237683K [0x0000000080000000, 0x0000000100000000)
  region size 1024K, 14 young (14336K), 3 survivors (3072K)
 Metaspace       used 141036K, capacity 145725K, committed 145868K, reserved 1175552K
  class space    used 17927K, capacity 19627K, committed 19660K, reserved 1048576K
}
Event: 834.709 GC heap after
{Heap after GC invocations=73 (full 0):
 garbage-first heap   total 283648K, used 231587K [0x0000000080000000, 0x0000000100000000)
  region size 1024K, 2 young (2048K), 2 survivors (2048K)
 Metaspace       used 141036K, capacity 145725K, committed 145868K, reserved 1175552K
  class space    used 17927K, capacity 19627K, committed 19660K, reserved 1048576K
}
Event: 834.769 GC heap before
{Heap before GC invocations=73 (full 0):
 garbage-first heap   total 283648K, used 241827K [0x0000000080000000, 0x0000000100000000)
  region size 1024K, 13 young (13312K), 2 survivors (2048K)
 Metaspace       used 141036K, capacity 145725K, committed 145868K, reserved 1175552K
  class space    used 17927K, capacity 19627K, committed 19660K, reserved 1048576K
}

