# JRE version: OpenJDK Runtime Environment (11.0.10) (build 11.0.10+0-b96-7249189)
# Java VM: OpenJDK 64-Bit Server VM (11.0.10+0-b96-7249189, mixed mode, tiered, compressed oops, g1 gc, windows-amd64)
Heap:
 garbage-first heap   total 483328K, used 368733K [0x0000000702600000, 0x0000000800000000)
  region size 1024K, 67 young (68608K), 8 survivors (8192K)
 Metaspace       used 77512K, capacity 78632K, committed 78700K, reserved 1140736K
  class space    used 7961K, capacity 8357K, committed 8396K, reserved 1048576K
GC Heap History (20 events):
Event: 23.868 GC heap before
{Heap before GC invocations=22 (full 0):
 garbage-first heap   total 483328K, used 380601K [0x0000000702600000, 0x0000000800000000)
  region size 1024K, 178 young (182272K), 16 survivors (16384K)
 Metaspace       used 71652K, capacity 72829K, committed 73068K, reserved 1114112K
  class space    used 7438K, capacity 7853K, committed 7884K, reserved 1048576K
}
Event: 23.890 GC heap after
{Heap after GC invocations=23 (full 0):
 garbage-first heap   total 483328K, used 229791K [0x0000000702600000, 0x0000000800000000)
  region size 1024K, 15 young (15360K), 15 survivors (15360K)
 Metaspace       used 71652K, capacity 72829K, committed 73068K, reserved 1114112K
  class space    used 7438K, capacity 7853K, committed 7884K, reserved 1048576K
}
Event: 25.623 GC heap before
{Heap before GC invocations=23 (full 0):
 garbage-first heap   total 483328K, used 389535K [0x0000000702600000, 0x0000000800000000)
  region size 1024K, 171 young (175104K), 15 survivors (15360K)
 Metaspace       used 71822K, capacity 73023K, committed 73068K, reserved 1114112K
  class space    used 7440K, capacity 7853K, committed 7884K, reserved 1048576K
}
Event: 25.645 GC heap after
{Heap after GC invocations=24 (full 0):
 garbage-first heap   total 483328K, used 243712K [0x0000000702600000, 0x0000000800000000)
  region size 1024K, 14 young (14336K), 14 survivors (14336K)
 Metaspace       used 71822K, capacity 73023K, committed 73068K, reserved 1114112K
  class space    used 7440K, capacity 7853K, committed 7884K, reserved 1048576K
}
Event: 26.951 GC heap before
{Heap before GC invocations=24 (full 0):
 garbage-first heap   total 483328K, used 396288K [0x0000000702600000, 0x0000000800000000)
  region size 1024K, 163 young (166912K), 14 survivors (14336K)
 Metaspace       used 71942K, capacity 73090K, committed 73324K, reserved 1114112K
  class space    used 7441K, capacity 7853K, committed 7884K, reserved 1048576K
}
Event: 26.971 GC heap after
{Heap after GC invocations=25 (full 0):
 garbage-first heap   total 483328K, used 257353K [0x0000000702600000, 0x0000000800000000)
  region size 1024K, 14 young (14336K), 14 survivors (14336K)
 Metaspace       used 71942K, capacity 73090K, committed 73324K, reserved 1114112K
  class space    used 7441K, capacity 7853K, committed 7884K, reserved 1048576K
}
Event: 28.285 GC heap before
{Heap before GC invocations=26 (full 0):
 garbage-first heap   total 483328K, used 397641K [0x0000000702600000, 0x0000000800000000)
  region size 1024K, 153 young (156672K), 14 survivors (14336K)
 Metaspace       used 71978K, capacity 73154K, committed 73324K, reserved 1114112K
  class space    used 7441K, capacity 7853K, committed 7884K, reserved 1048576K
}
Event: 28.306 GC heap after
{Heap after GC invocations=27 (full 0):
 garbage-first heap   total 483328K, used 267578K [0x0000000702600000, 0x0000000800000000)
  region size 1024K, 13 young (13312K), 13 survivors (13312K)
 Metaspace       used 71978K, capacity 73154K, committed 73324K, reserved 1114112K
  class space    used 7441K, capacity 7853K, committed 7884K, reserved 1048576K
}
Event: 29.409 GC heap before
{Heap before GC invocations=27 (full 0):
 garbage-first heap   total 483328K, used 402746K [0x0000000702600000, 0x0000000800000000)
  region size 1024K, 145 young (148480K), 13 survivors (13312K)
 Metaspace       used 72044K, capacity 73220K, committed 73324K, reserved 1114112K
  class space    used 7441K, capacity 7853K, committed 7884K, reserved 1048576K
}
Event: 29.427 GC heap after
{Heap after GC invocations=28 (full 0):
 garbage-first heap   total 483328K, used 278734K [0x0000000702600000, 0x0000000800000000)
  region size 1024K, 12 young (12288K), 12 survivors (12288K)
 Metaspace       used 72044K, capacity 73220K, committed 73324K, reserved 1114112K
  class space    used 7441K, capacity 7853K, committed 7884K, reserved 1048576K
}
Event: 30.584 GC heap before
{Heap before GC invocations=29 (full 0):
 garbage-first heap   total 483328K, used 405710K [0x0000000702600000, 0x0000000800000000)
  region size 1024K, 136 young (139264K), 12 survivors (12288K)
 Metaspace       used 72100K, capacity 73284K, committed 73324K, reserved 1114112K
  class space    used 7442K, capacity 7853K, committed 7884K, reserved 1048576K
}
Event: 30.603 GC heap after
{Heap after GC invocations=30 (full 0):
 garbage-first heap   total 483328K, used 289792K [0x0000000702600000, 0x0000000800000000)
  region size 1024K, 11 young (11264K), 11 survivors (11264K)
 Metaspace       used 72100K, capacity 73284K, committed 73324K, reserved 1114112K
  class space    used 7442K, capacity 7853K, committed 7884K, reserved 1048576K
}
Event: 31.600 GC heap before
{Heap before GC invocations=30 (full 0):
 garbage-first heap   total 483328K, used 408576K [0x0000000702600000, 0x0000000800000000)
  region size 1024K, 127 young (130048K), 11 survivors (11264K)
 Metaspace       used 72194K, capacity 73359K, committed 73580K, reserved 1116160K
  class space    used 7444K, capacity 7853K, committed 7884K, reserved 1048576K
}
Event: 31.617 GC heap after
{Heap after GC invocations=31 (full 0):
 garbage-first heap   total 483328K, used 301859K [0x0000000702600000, 0x0000000800000000)
  region size 1024K, 12 young (12288K), 12 survivors (12288K)
 Metaspace       used 72194K, capacity 73359K, committed 73580K, reserved 1116160K
  class space    used 7444K, capacity 7853K, committed 7884K, reserved 1048576K
}
Event: 32.540 GC heap before
{Heap before GC invocations=32 (full 0):
 garbage-first heap   total 483328K, used 409379K [0x0000000702600000, 0x0000000800000000)
  region size 1024K, 117 young (119808K), 12 survivors (12288K)
 Metaspace       used 72759K, capacity 73908K, committed 74220K, reserved 1116160K
  class space    used 7477K, capacity 7887K, committed 8012K, reserved 1048576K
}
Event: 32.553 GC heap after
{Heap after GC invocations=33 (full 0):
 garbage-first heap   total 483328K, used 305953K [0x0000000702600000, 0x0000000800000000)
  region size 1024K, 5 young (5120K), 5 survivors (5120K)
 Metaspace       used 72759K, capacity 73908K, committed 74220K, reserved 1116160K
  class space    used 7477K, capacity 7887K, committed 8012K, reserved 1048576K
}
Event: 33.148 GC heap before
{Heap before GC invocations=33 (full 0):
 garbage-first heap   total 483328K, used 412449K [0x0000000702600000, 0x0000000800000000)
  region size 1024K, 109 young (111616K), 5 survivors (5120K)
 Metaspace       used 72817K, capacity 73972K, committed 74220K, reserved 1116160K
  class space    used 7477K, capacity 7887K, committed 8012K, reserved 1048576K
}
Event: 33.155 GC heap after
{Heap after GC invocations=34 (full 0):
 garbage-first heap   total 483328K, used 307599K [0x0000000702600000, 0x0000000800000000)
  region size 1024K, 7 young (7168K), 7 survivors (7168K)
 Metaspace       used 72817K, capacity 73972K, committed 74220K, reserved 1116160K
  class space    used 7477K, capacity 7887K, committed 8012K, reserved 1048576K
}
Event: 34.254 GC heap before
{Heap before GC invocations=35 (full 0):
 garbage-first heap   total 483328K, used 415119K [0x0000000702600000, 0x0000000800000000)
  region size 1024K, 112 young (114688K), 7 survivors (7168K)
 Metaspace       used 73204K, capacity 74356K, committed 74732K, reserved 1116160K
  class space    used 7491K, capacity 7887K, committed 8012K, reserved 1048576K
}
Event: 34.264 GC heap after
{Heap after GC invocations=36 (full 0):
 garbage-first heap   total 483328K, used 309341K [0x0000000702600000, 0x0000000800000000)
  region size 1024K, 8 young (8192K), 8 survivors (8192K)
 Metaspace       used 73204K, capacity 74356K, committed 74732K, reserved 1116160K
  class space    used 7491K, capacity 7887K, committed 8012K, reserved 1048576K
}

