# JRE version: OpenJDK Runtime Environment (11.0.10) (build 11.0.10+0-b96-7249189)
# Java VM: OpenJDK 64-Bit Server VM (11.0.10+0-b96-7249189, mixed mode, tiered, compressed oops, g1 gc, windows-amd64)
Heap:
 garbage-first heap   total 505856K, used 383993K [0x0000000702600000, 0x0000000800000000)
  region size 1024K, 62 young (63488K), 8 survivors (8192K)
 Metaspace       used 79960K, capacity 81131K, committed 81388K, reserved 1122304K
  class space    used 8097K, capacity 8486K, committed 8524K, reserved 1048576K
GC Heap History (20 events):
Event: 33.652 GC heap before
{Heap before GC invocations=41 (full 0):
 garbage-first heap   total 420864K, used 366292K [0x0000000702600000, 0x0000000800000000)
  region size 1024K, 59 young (60416K), 2 survivors (2048K)
 Metaspace       used 72789K, capacity 73970K, committed 74220K, reserved 1116160K
  class space    used 7479K, capacity 7887K, committed 8012K, reserved 1048576K
}
Event: 33.655 GC heap after
{Heap after GC invocations=42 (full 0):
 garbage-first heap   total 420864K, used 309008K [0x0000000702600000, 0x0000000800000000)
  region size 1024K, 3 young (3072K), 3 survivors (3072K)
 Metaspace       used 72789K, capacity 73970K, committed 74220K, reserved 1116160K
  class space    used 7479K, capacity 7887K, committed 8012K, reserved 1048576K
}
Event: 34.017 GC heap before
{Heap before GC invocations=42 (full 0):
 garbage-first heap   total 420864K, used 367376K [0x0000000702600000, 0x0000000800000000)
  region size 1024K, 60 young (61440K), 3 survivors (3072K)
 Metaspace       used 72805K, capacity 74034K, committed 74220K, reserved 1116160K
  class space    used 7479K, capacity 7887K, committed 8012K, reserved 1048576K
}
Event: 34.021 GC heap after
{Heap after GC invocations=43 (full 0):
 garbage-first heap   total 420864K, used 310276K [0x0000000702600000, 0x0000000800000000)
  region size 1024K, 4 young (4096K), 4 survivors (4096K)
 Metaspace       used 72805K, capacity 74034K, committed 74220K, reserved 1116160K
  class space    used 7479K, capacity 7887K, committed 8012K, reserved 1048576K
}
Event: 34.373 GC heap before
{Heap before GC invocations=43 (full 0):
 garbage-first heap   total 420864K, used 368644K [0x0000000702600000, 0x0000000800000000)
  region size 1024K, 61 young (62464K), 4 survivors (4096K)
 Metaspace       used 72879K, capacity 74098K, committed 74476K, reserved 1116160K
  class space    used 7486K, capacity 7887K, committed 8012K, reserved 1048576K
}
Event: 34.384 GC heap after
{Heap after GC invocations=44 (full 0):
 garbage-first heap   total 420864K, used 311416K [0x0000000702600000, 0x0000000800000000)
  region size 1024K, 5 young (5120K), 5 survivors (5120K)
 Metaspace       used 72879K, capacity 74098K, committed 74476K, reserved 1116160K
  class space    used 7486K, capacity 7887K, committed 8012K, reserved 1048576K
}
Event: 35.221 GC heap before
{Heap before GC invocations=45 (full 0):
 garbage-first heap   total 420864K, used 369784K [0x0000000702600000, 0x0000000800000000)
  region size 1024K, 62 young (63488K), 5 survivors (5120K)
 Metaspace       used 74058K, capacity 75230K, committed 75500K, reserved 1116160K
  class space    used 7589K, capacity 7971K, committed 8012K, reserved 1048576K
}
Event: 35.228 GC heap after
{Heap after GC invocations=46 (full 0):
 garbage-first heap   total 420864K, used 312542K [0x0000000702600000, 0x0000000800000000)
  region size 1024K, 6 young (6144K), 6 survivors (6144K)
 Metaspace       used 74058K, capacity 75230K, committed 75500K, reserved 1116160K
  class space    used 7589K, capacity 7971K, committed 8012K, reserved 1048576K
}
Event: 35.293 GC heap before
{Heap before GC invocations=46 (full 0):
 garbage-first heap   total 420864K, used 326878K [0x0000000702600000, 0x0000000800000000)
  region size 1024K, 20 young (20480K), 6 survivors (6144K)
 Metaspace       used 74180K, capacity 75327K, committed 75628K, reserved 1116160K
  class space    used 7591K, capacity 8003K, committed 8140K, reserved 1048576K
}
Event: 35.299 GC heap after
{Heap after GC invocations=47 (full 0):
 garbage-first heap   total 420864K, used 311064K [0x0000000702600000, 0x0000000800000000)
  region size 1024K, 2 young (2048K), 2 survivors (2048K)
 Metaspace       used 74180K, capacity 75327K, committed 75628K, reserved 1116160K
  class space    used 7591K, capacity 8003K, committed 8140K, reserved 1048576K
}
Event: 35.970 GC heap before
{Heap before GC invocations=47 (full 0):
 garbage-first heap   total 420864K, used 369432K [0x0000000702600000, 0x0000000800000000)
  region size 1024K, 59 young (60416K), 2 survivors (2048K)
 Metaspace       used 79191K, capacity 80426K, committed 80620K, reserved 1122304K
  class space    used 8070K, capacity 8486K, committed 8524K, reserved 1048576K
}
Event: 35.986 GC heap after
{Heap after GC invocations=48 (full 0):
 garbage-first heap   total 420864K, used 314317K [0x0000000702600000, 0x0000000800000000)
  region size 1024K, 5 young (5120K), 5 survivors (5120K)
 Metaspace       used 79191K, capacity 80426K, committed 80620K, reserved 1122304K
  class space    used 8070K, capacity 8486K, committed 8524K, reserved 1048576K
}
Event: 36.677 GC heap before
{Heap before GC invocations=48 (full 0):
 garbage-first heap   total 420864K, used 369613K [0x0000000702600000, 0x0000000800000000)
  region size 1024K, 59 young (60416K), 5 survivors (5120K)
 Metaspace       used 79521K, capacity 80746K, committed 80876K, reserved 1122304K
  class space    used 8088K, capacity 8486K, committed 8524K, reserved 1048576K
}
Event: 36.686 GC heap after
{Heap after GC invocations=49 (full 0):
 garbage-first heap   total 420864K, used 318417K [0x0000000702600000, 0x0000000800000000)
  region size 1024K, 8 young (8192K), 8 survivors (8192K)
 Metaspace       used 79521K, capacity 80746K, committed 80876K, reserved 1122304K
  class space    used 8088K, capacity 8486K, committed 8524K, reserved 1048576K
}
Event: 37.102 GC heap before
{Heap before GC invocations=50 (full 0):
 garbage-first heap   total 420864K, used 368593K [0x0000000702600000, 0x0000000800000000)
  region size 1024K, 57 young (58368K), 8 survivors (8192K)
 Metaspace       used 79690K, capacity 80874K, committed 81132K, reserved 1122304K
  class space    used 8092K, capacity 8486K, committed 8524K, reserved 1048576K
}
Event: 37.114 GC heap after
{Heap after GC invocations=51 (full 0):
 garbage-first heap   total 505856K, used 322272K [0x0000000702600000, 0x0000000800000000)
  region size 1024K, 8 young (8192K), 8 survivors (8192K)
 Metaspace       used 79690K, capacity 80874K, committed 81132K, reserved 1122304K
  class space    used 8092K, capacity 8486K, committed 8524K, reserved 1048576K
}
Event: 37.209 GC heap before
{Heap before GC invocations=51 (full 0):
 garbage-first heap   total 505856K, used 338656K [0x0000000702600000, 0x0000000800000000)
  region size 1024K, 24 young (24576K), 8 survivors (8192K)
 Metaspace       used 79705K, capacity 80874K, committed 81132K, reserved 1122304K
  class space    used 8092K, capacity 8486K, committed 8524K, reserved 1048576K
}
Event: 37.216 GC heap after
{Heap after GC invocations=52 (full 0):
 garbage-first heap   total 505856K, used 324289K [0x0000000702600000, 0x0000000800000000)
  region size 1024K, 3 young (3072K), 3 survivors (3072K)
 Metaspace       used 79705K, capacity 80874K, committed 81132K, reserved 1122304K
  class space    used 8092K, capacity 8486K, committed 8524K, reserved 1048576K
}
Event: 37.784 GC heap before
{Heap before GC invocations=52 (full 0):
 garbage-first heap   total 505856K, used 407233K [0x0000000702600000, 0x0000000800000000)
  region size 1024K, 84 young (86016K), 3 survivors (3072K)
 Metaspace       used 79890K, capacity 81067K, committed 81132K, reserved 1122304K
  class space    used 8095K, capacity 8486K, committed 8524K, reserved 1048576K
}
Event: 37.794 GC heap after
{Heap after GC invocations=53 (full 0):
 garbage-first heap   total 505856K, used 329721K [0x0000000702600000, 0x0000000800000000)
  region size 1024K, 8 young (8192K), 8 survivors (8192K)
 Metaspace       used 79890K, capacity 81067K, committed 81132K, reserved 1122304K
  class space    used 8095K, capacity 8486K, committed 8524K, reserved 1048576K
}

